[debug] [2026-05-28T18:58:05.653Z] ----------------------------------------------------------------------
[debug] [2026-05-28T18:58:05.656Z] Command:       C:\Program Files\nodejs\node.exe C:\Users\Jnewball\AppData\Roaming\npm\node_modules\firebase-tools\lib\bin\firebase.js deploy --only functions:notifyFollowersOnLive --non-interactive
[debug] [2026-05-28T18:58:05.656Z] CLI Version:   15.19.0
[debug] [2026-05-28T18:58:05.656Z] Platform:      win32
[debug] [2026-05-28T18:58:05.656Z] Node Version:  v24.9.0
[debug] [2026-05-28T18:58:05.657Z] Time:          Thu May 28 2026 14:58:05 GMT-0400 (Eastern Daylight Time)
[debug] [2026-05-28T18:58:05.657Z] ----------------------------------------------------------------------
[debug] 
[debug] [2026-05-28T18:58:07.375Z] > command requires scopes: ["email","openid","https://www.googleapis.com/auth/cloudplatformprojects.readonly","https://www.googleapis.com/auth/firebase","https://www.googleapis.com/auth/cloud-platform"]
[debug] [2026-05-28T18:58:07.376Z] > authorizing via signed-in user (jeremynewball@gmail.com)
[debug] [2026-05-28T18:58:07.376Z] [iam] checking project lynkapp-c7db1 for permissions ["cloudfunctions.functions.create","cloudfunctions.functions.delete","cloudfunctions.functions.get","cloudfunctions.functions.list","cloudfunctions.functions.update","cloudfunctions.operations.get","firebase.projects.get"]
[debug] [2026-05-28T18:58:07.377Z] Checked if tokens are valid: true, expires at: 1779998010571
[debug] [2026-05-28T18:58:07.377Z] Checked if tokens are valid: true, expires at: 1779998010571
[debug] [2026-05-28T18:58:07.378Z] >>> [apiv2][query] POST https://cloudresourcemanager.googleapis.com/v1/projects/lynkapp-c7db1:testIamPermissions [none]
[debug] [2026-05-28T18:58:07.379Z] >>> [apiv2][(partial)header] POST https://cloudresourcemanager.googleapis.com/v1/projects/lynkapp-c7db1:testIamPermissions  x-goog-user-project=lynkapp-c7db1
[debug] [2026-05-28T18:58:07.379Z] >>> [apiv2][body] POST https://cloudresourcemanager.googleapis.com/v1/projects/lynkapp-c7db1:testIamPermissions {"permissions":["cloudfunctions.functions.create","cloudfunctions.functions.delete","cloudfunctions.functions.get","cloudfunctions.functions.list","cloudfunctions.functions.update","cloudfunctions.operations.get","firebase.projects.get"]}
[debug] [2026-05-28T18:58:07.548Z] <<< [apiv2][status] POST https://cloudresourcemanager.googleapis.com/v1/projects/lynkapp-c7db1:testIamPermissions 200
[debug] [2026-05-28T18:58:07.549Z] <<< [apiv2][body] POST https://cloudresourcemanager.googleapis.com/v1/projects/lynkapp-c7db1:testIamPermissions {"permissions":["cloudfunctions.functions.create","cloudfunctions.functions.delete","cloudfunctions.functions.get","cloudfunctions.functions.list","cloudfunctions.functions.update","cloudfunctions.operations.get","firebase.projects.get"]}
[debug] [2026-05-28T18:58:07.549Z] Checked if tokens are valid: true, expires at: 1779998010571
[debug] [2026-05-28T18:58:07.549Z] Checked if tokens are valid: true, expires at: 1779998010571
[debug] [2026-05-28T18:58:07.549Z] >>> [apiv2][query] POST https://iam.googleapis.com/v1/projects/lynkapp-c7db1/serviceAccounts/lynkapp-c7db1@appspot.gserviceaccount.com:testIamPermissions [none]
[debug] [2026-05-28T18:58:07.549Z] >>> [apiv2][body] POST https://iam.googleapis.com/v1/projects/lynkapp-c7db1/serviceAccounts/lynkapp-c7db1@appspot.gserviceaccount.com:testIamPermissions {"permissions":["iam.serviceAccounts.actAs"]}
[debug] [2026-05-28T18:58:07.715Z] <<< [apiv2][status] POST https://iam.googleapis.com/v1/projects/lynkapp-c7db1/serviceAccounts/lynkapp-c7db1@appspot.gserviceaccount.com:testIamPermissions 200
[debug] [2026-05-28T18:58:07.716Z] <<< [apiv2][body] POST https://iam.googleapis.com/v1/projects/lynkapp-c7db1/serviceAccounts/lynkapp-c7db1@appspot.gserviceaccount.com:testIamPermissions {"permissions":["iam.serviceAccounts.actAs"]}
[info] 
[info] === Deploying to 'lynkapp-c7db1'...
[info] 
[info] i  deploying functions 
[debug] [2026-05-28T18:58:07.727Z] Checked if tokens are valid: true, expires at: 1779998010571
[debug] [2026-05-28T18:58:07.727Z] Checked if tokens are valid: true, expires at: 1779998010571
[debug] [2026-05-28T18:58:07.727Z] >>> [apiv2][query] GET https://cloudresourcemanager.googleapis.com/v1/projects/lynkapp-c7db1 [none]
[debug] [2026-05-28T18:58:07.838Z] <<< [apiv2][status] GET https://cloudresourcemanager.googleapis.com/v1/projects/lynkapp-c7db1 200
[debug] [2026-05-28T18:58:07.839Z] <<< [apiv2][body] GET https://cloudresourcemanager.googleapis.com/v1/projects/lynkapp-c7db1 {"projectNumber":"258552263213","projectId":"lynkapp-c7db1","lifecycleState":"ACTIVE","name":"LynkApp","labels":{"firebase":"enabled","firebase-core":"disabled"},"createTime":"2026-03-19T14:10:23.377Z"}
[info] i  functions: preparing codebase default for deployment 
[info] i  functions: ensuring required API cloudfunctions.googleapis.com is enabled... 
[info] i  functions: ensuring required API cloudbuild.googleapis.com is enabled... 
[info] i  artifactregistry: ensuring required API artifactregistry.googleapis.com is enabled... 
[debug] [2026-05-28T18:58:07.844Z] Checked if tokens are valid: true, expires at: 1779998010571
[debug] [2026-05-28T18:58:07.845Z] Checked if tokens are valid: true, expires at: 1779998010571
[debug] [2026-05-28T18:58:07.845Z] >>> [apiv2][query] GET https://firebase.googleapis.com/v1beta1/projects/lynkapp-c7db1/adminSdkConfig [none]
[debug] [2026-05-28T18:58:08.179Z] <<< [apiv2][status] GET https://firebase.googleapis.com/v1beta1/projects/lynkapp-c7db1/adminSdkConfig 200
[debug] [2026-05-28T18:58:08.179Z] <<< [apiv2][body] GET https://firebase.googleapis.com/v1beta1/projects/lynkapp-c7db1/adminSdkConfig {"projectId":"lynkapp-c7db1","databaseURL":"https://lynkapp-c7db1-default-rtdb.firebaseio.com","storageBucket":"lynkapp-c7db1.firebasestorage.app"}
[debug] [2026-05-28T18:58:08.180Z] Checked if tokens are valid: true, expires at: 1779998010571
[debug] [2026-05-28T18:58:08.180Z] Checked if tokens are valid: true, expires at: 1779998010571
[debug] [2026-05-28T18:58:08.180Z] >>> [apiv2][query] GET https://runtimeconfig.googleapis.com/v1beta1/projects/lynkapp-c7db1/configs [none]
[debug] [2026-05-28T18:58:08.344Z] <<< [apiv2][status] GET https://runtimeconfig.googleapis.com/v1beta1/projects/lynkapp-c7db1/configs 200
[debug] [2026-05-28T18:58:08.344Z] <<< [apiv2][body] GET https://runtimeconfig.googleapis.com/v1beta1/projects/lynkapp-c7db1/configs {}
